This is pdfTeX, Version 3.14159265-2.6-1.40.21 (TeX Live 2020/W32TeX) (preloaded format=pdflatex 2021.1.27)  22 JUN 2022 09:25
entering extended mode
 restricted \write18 enabled.
 %&-line parsing enabled.
**bayes_summary2.tex
(./bayes_summary2.tex
LaTeX2e <2020-02-02> patch level 5
L3 programming layer <2020-03-06>
(d:/texlive/2020/texmf-dist/tex/latex/base/article.cls
Document Class: article 2019/12/20 v1.4l Standard LaTeX document class
(d:/texlive/2020/texmf-dist/tex/latex/base/size10.clo
File: size10.clo 2019/12/20 v1.4l Standard LaTeX file (size option)
)
\c@part=\count167
\c@section=\count168
\c@subsection=\count169
\c@subsubsection=\count170
\c@paragraph=\count171
\c@subparagraph=\count172
\c@figure=\count173
\c@table=\count174
\abovecaptionskip=\skip47
\belowcaptionskip=\skip48
\bibindent=\dimen134
)
(d:/texlive/2020/texmf-dist/tex/latex/graphics/graphicx.sty
Package: graphicx 2019/11/30 v1.2a Enhanced LaTeX Graphics (DPC,SPQR)

(d:/texlive/2020/texmf-dist/tex/latex/graphics/keyval.sty
Package: keyval 2014/10/28 v1.15 key=value parser (DPC)
\KV@toks@=\toks15
)
(d:/texlive/2020/texmf-dist/tex/latex/graphics/graphics.sty
Package: graphics 2019/11/30 v1.4a Standard LaTeX Graphics (DPC,SPQR)

(d:/texlive/2020/texmf-dist/tex/latex/graphics/trig.sty
Package: trig 2016/01/03 v1.10 sin cos tan (DPC)
)
(d:/texlive/2020/texmf-dist/tex/latex/graphics-cfg/graphics.cfg
File: graphics.cfg 2016/06/04 v1.11 sample graphics configuration
)
Package graphics Info: Driver file: pdftex.def on input line 105.

(d:/texlive/2020/texmf-dist/tex/latex/graphics-def/pdftex.def
File: pdftex.def 2018/01/08 v1.0l Graphics/color driver for pdftex
))
\Gin@req@height=\dimen135
\Gin@req@width=\dimen136
)
(d:/texlive/2020/texmf-dist/tex/latex/xcolor/xcolor.sty
Package: xcolor 2016/05/11 v2.12 LaTeX color extensions (UK)

(d:/texlive/2020/texmf-dist/tex/latex/graphics-cfg/color.cfg
File: color.cfg 2016/01/02 v1.6 sample color configuration
)
Package xcolor Info: Driver file: pdftex.def on input line 225.
Package xcolor Info: Model `cmy' substituted by `cmy0' on input line 1348.
Package xcolor Info: Model `hsb' substituted by `rgb' on input line 1352.
Package xcolor Info: Model `RGB' extended on input line 1364.
Package xcolor Info: Model `HTML' substituted by `rgb' on input line 1366.
Package xcolor Info: Model `Hsb' substituted by `hsb' on input line 1367.
Package xcolor Info: Model `tHsb' substituted by `hsb' on input line 1368.
Package xcolor Info: Model `HSB' substituted by `hsb' on input line 1369.
Package xcolor Info: Model `Gray' substituted by `gray' on input line 1370.
Package xcolor Info: Model `wave' substituted by `hsb' on input line 1371.
)
(d:/texlive/2020/texmf-dist/tex/latex/framed/framed.sty
Package: framed 2011/10/22 v 0.96: framed or shaded text with page breaks
\OuterFrameSep=\skip49
\fb@frw=\dimen137
\fb@frh=\dimen138
\FrameRule=\dimen139
\FrameSep=\dimen140
)
(d:/texlive/2020/texmf-dist/tex/latex/base/alltt.sty
Package: alltt 1997/06/16 v2.0g defines alltt environment
)
(d:/texlive/2020/texmf-dist/tex/latex/geometry/geometry.sty
Package: geometry 2020/01/02 v5.9 Page Geometry

(d:/texlive/2020/texmf-dist/tex/generic/iftex/ifvtex.sty
Package: ifvtex 2019/10/25 v1.7 ifvtex legacy package. Use iftex instead.

(d:/texlive/2020/texmf-dist/tex/generic/iftex/iftex.sty
Package: iftex 2020/03/06 v1.0d TeX engine tests
))
\Gm@cnth=\count175
\Gm@cntv=\count176
\c@Gm@tempcnt=\count177
\Gm@bindingoffset=\dimen141
\Gm@wd@mp=\dimen142
\Gm@odd@mp=\dimen143
\Gm@even@mp=\dimen144
\Gm@layoutwidth=\dimen145
\Gm@layoutheight=\dimen146
\Gm@layouthoffset=\dimen147
\Gm@layoutvoffset=\dimen148
\Gm@dimlist=\toks16


Package geometry Warning: Over-specification in `h'-direction.
    `width' (597.50787pt) is ignored.


Package geometry Warning: Over-specification in `v'-direction.
    `height' (845.04684pt) is ignored.

) (d:/texlive/2020/texmf-dist/tex/latex/amsmath/amsmath.sty
Package: amsmath 2020/01/20 v2.17e AMS math features
\@mathmargin=\skip50

For additional information on amsmath, use the `?' option.
(d:/texlive/2020/texmf-dist/tex/latex/amsmath/amstext.sty
Package: amstext 2000/06/29 v2.01 AMS text

(d:/texlive/2020/texmf-dist/tex/latex/amsmath/amsgen.sty
File: amsgen.sty 1999/11/30 v2.0 generic functions
\@emptytoks=\toks17
\ex@=\dimen149
))
(d:/texlive/2020/texmf-dist/tex/latex/amsmath/amsbsy.sty
Package: amsbsy 1999/11/29 v1.2d Bold Symbols
\pmbraise@=\dimen150
)
(d:/texlive/2020/texmf-dist/tex/latex/amsmath/amsopn.sty
Package: amsopn 2016/03/08 v2.02 operator names
)
\inf@bad=\count178
LaTeX Info: Redefining \frac on input line 227.
\uproot@=\count179
\leftroot@=\count180
LaTeX Info: Redefining \overline on input line 389.
\classnum@=\count181
\DOTSCASE@=\count182
LaTeX Info: Redefining \ldots on input line 486.
LaTeX Info: Redefining \dots on input line 489.
LaTeX Info: Redefining \cdots on input line 610.
\Mathstrutbox@=\box45
\strutbox@=\box46
\big@size=\dimen151
LaTeX Font Info:    Redeclaring font encoding OML on input line 733.
LaTeX Font Info:    Redeclaring font encoding OMS on input line 734.
\macc@depth=\count183
\c@MaxMatrixCols=\count184
\dotsspace@=\muskip16
\c@parentequation=\count185
\dspbrk@lvl=\count186
\tag@help=\toks18
\row@=\count187
\column@=\count188
\maxfields@=\count189
\andhelp@=\toks19
\eqnshift@=\dimen152
\alignsep@=\dimen153
\tagshift@=\dimen154
\tagwidth@=\dimen155
\totwidth@=\dimen156
\lineht@=\dimen157
\@envbody=\toks20
\multlinegap=\skip51
\multlinetaggap=\skip52
\mathdisplay@stack=\toks21
LaTeX Info: Redefining \[ on input line 2859.
LaTeX Info: Redefining \] on input line 2860.
)
(d:/texlive/2020/texmf-dist/tex/latex/amsfonts/amsfonts.sty
Package: amsfonts 2013/01/14 v3.01 Basic AMSFonts support
\symAMSa=\mathgroup4
\symAMSb=\mathgroup5
LaTeX Font Info:    Redeclaring math symbol \hbar on input line 98.
LaTeX Font Info:    Overwriting math alphabet `\mathfrak' in version `bold'
(Font)                  U/euf/m/n --> U/euf/b/n on input line 106.
)
(d:/texlive/2020/texmf-dist/tex/latex/amsfonts/amssymb.sty
Package: amssymb 2013/01/14 v3.01 AMS font symbols
)
(d:/texlive/2020/texmf-dist/tex/latex/amscls/amsthm.sty
Package: amsthm 2017/10/31 v2.20.4
\thm@style=\toks22
\thm@bodyfont=\toks23
\thm@headfont=\toks24
\thm@notefont=\toks25
\thm@headpunct=\toks26
\thm@preskip=\skip53
\thm@postskip=\skip54
\thm@headsep=\skip55
\dth@everypar=\toks27
)
(d:/texlive/2020/texmf-dist/tex/latex/tools/multicol.sty
Package: multicol 2019/12/09 v1.8y multicolumn formatting (FMi)
\c@tracingmulticols=\count190
\mult@box=\box47
\multicol@leftmargin=\dimen158
\c@unbalance=\count191
\c@collectmore=\count192
\doublecol@number=\count193
\multicoltolerance=\count194
\multicolpretolerance=\count195
\full@width=\dimen159
\page@free=\dimen160
\premulticols=\dimen161
\postmulticols=\dimen162
\multicolsep=\skip56
\multicolbaselineskip=\skip57
\partial@page=\box48
\last@line=\box49
\maxbalancingoverflow=\dimen163
\mult@rightbox=\box50
\mult@grightbox=\box51
\mult@gfirstbox=\box52
\mult@firstbox=\box53
\@tempa=\box54
\@tempa=\box55
\@tempa=\box56
\@tempa=\box57
\@tempa=\box58
\@tempa=\box59
\@tempa=\box60
\@tempa=\box61
\@tempa=\box62
\@tempa=\box63
\@tempa=\box64
\@tempa=\box65
\@tempa=\box66
\@tempa=\box67
\@tempa=\box68
\@tempa=\box69
\@tempa=\box70
\@tempa=\box71
\@tempa=\box72
\@tempa=\box73
\@tempa=\box74
\@tempa=\box75
\@tempa=\box76
\@tempa=\box77
\@tempa=\box78
\@tempa=\box79
\@tempa=\box80
\@tempa=\box81
\@tempa=\box82
\@tempa=\box83
\@tempa=\box84
\@tempa=\box85
\@tempa=\box86
\@tempa=\box87
\@tempa=\box88
\@tempa=\box89
\@tempa=\box90
\c@minrows=\count196
\c@columnbadness=\count197
\c@finalcolumnbadness=\count198
\last@try=\dimen164
\multicolovershoot=\dimen165
\multicolundershoot=\dimen166
\mult@nat@firstbox=\box91
\colbreak@box=\box92
\mc@col@check@num=\count199
)
(d:/texlive/2020/texmf-dist/tex/latex/lipsum/lipsum.sty
(d:/texlive/2020/texmf-dist/tex/latex/l3kernel/expl3.sty
Package: expl3 2020-03-06 L3 programming layer (loader) 

(d:/texlive/2020/texmf-dist/tex/latex/l3backend/l3backend-pdfmode.def
File: l3backend-pdfmode.def 2020-03-12 L3 backend support: PDF mode
\l__kernel_color_stack_int=\count266
\l__pdf_internal_box=\box93
))
(d:/texlive/2020/texmf-dist/tex/latex/l3packages/xparse/xparse.sty
Package: xparse 2020-03-06 L3 Experimental document command parser
\l__xparse_current_arg_int=\count267
\g__xparse_grabber_int=\count268
\l__xparse_m_args_int=\count269
\l__xparse_v_nesting_int=\count270
)
Package: lipsum 2019/01/02 v2.2 150 paragraphs of Lorem Ipsum dummy text

(d:/texlive/2020/texmf-dist/tex/latex/lipsum/lipsum.ltd.tex
File: lipsum.ltd.tex 2019/01/02 v2.2 The Lorem ipsum dummy text
))
(d:/texlive/2020/texmf-dist/tex/latex/cancel/cancel.sty
Package: cancel 2013/04/12 v2.2 Cancel math terms
)
(d:/texlive/2020/texmf-dist/tex/latex/tools/array.sty
Package: array 2019/08/31 v2.4l Tabular extension package (FMi)
\col@sep=\dimen167
\ar@mcellbox=\box94
\extrarowheight=\dimen168
\NC@list=\toks28
\extratabsurround=\skip58
\backup@length=\skip59
\ar@cellbox=\box95
)
(d:/texlive/2020/texmf-dist/tex/latex/upquote/upquote.sty
Package: upquote 2012/04/19 v1.3 upright-quote and grave-accent glyphs in verba
tim
)
(./bayes_summary2.aux)
\openout1 = `bayes_summary2.aux'.

LaTeX Font Info:    Checking defaults for OML/cmm/m/it on input line 75.
LaTeX Font Info:    ... okay on input line 75.
LaTeX Font Info:    Checking defaults for OMS/cmsy/m/n on input line 75.
LaTeX Font Info:    ... okay on input line 75.
LaTeX Font Info:    Checking defaults for OT1/cmr/m/n on input line 75.
LaTeX Font Info:    ... okay on input line 75.
LaTeX Font Info:    Checking defaults for T1/cmr/m/n on input line 75.
LaTeX Font Info:    ... okay on input line 75.
LaTeX Font Info:    Checking defaults for TS1/cmr/m/n on input line 75.
LaTeX Font Info:    ... okay on input line 75.
LaTeX Font Info:    Checking defaults for OMX/cmex/m/n on input line 75.
LaTeX Font Info:    ... okay on input line 75.
LaTeX Font Info:    Checking defaults for U/cmr/m/n on input line 75.
LaTeX Font Info:    ... okay on input line 75.

(d:/texlive/2020/texmf-dist/tex/context/base/mkii/supp-pdf.mkii
[Loading MPS to PDF converter (version 2006.09.02).]
\scratchcounter=\count271
\scratchdimen=\dimen169
\scratchbox=\box96
\nofMPsegments=\count272
\nofMParguments=\count273
\everyMPshowfont=\toks29
\MPscratchCnt=\count274
\MPscratchDim=\dimen170
\MPnumerator=\count275
\makeMPintoPDFobject=\count276
\everyMPtoPDFconversion=\toks30
) (d:/texlive/2020/texmf-dist/tex/latex/epstopdf-pkg/epstopdf-base.sty
Package: epstopdf-base 2020-01-24 v2.11 Base part for package epstopdf
Package epstopdf-base Info: Redefining graphics rule for `.eps' on input line 4
85.

(d:/texlive/2020/texmf-dist/tex/latex/latexconfig/epstopdf-sys.cfg
File: epstopdf-sys.cfg 2010/07/13 v1.3 Configuration of (r)epstopdf for TeX Liv
e
))
*geometry* driver: auto-detecting
*geometry* detected driver: pdftex
*geometry* verbose mode - [ preamble ] result:
* driver: pdftex
* paper: <default>
* layout: <same size as paper>
* layoutoffset:(h,v)=(0.0pt,0.0pt)
* hratio: 1:1
* vratio: 1:1
* modes: includefoot 
* h-part:(L,W,R)=(14.22636pt, 585.84227pt, 14.22636pt)
* v-part:(T,H,B)=(14.22636pt, 766.51726pt, 14.22636pt)
* \paperwidth=614.295pt
* \paperheight=794.96999pt
* \textwidth=585.84227pt
* \textheight=736.51726pt
* \oddsidemargin=-58.04362pt
* \evensidemargin=-58.04362pt
* \topmargin=-95.04362pt
* \headheight=12.0pt
* \headsep=25.0pt
* \topskip=10.0pt
* \footskip=30.0pt
* \marginparwidth=0.0pt
* \marginparsep=0.0pt
* \columnsep=10.0pt
* \skip\footins=9.0pt plus 4.0pt minus 2.0pt
* \hoffset=0.0pt
* \voffset=0.0pt
* \mag=1000
* \@twocolumnfalse
* \@twosidefalse
* \@mparswitchfalse
* \@reversemarginfalse
* (1in=72.27pt=25.4mm, 1cm=28.453pt)

LaTeX Font Info:    Trying to load font information for U+msa on input line 87.

(d:/texlive/2020/texmf-dist/tex/latex/amsfonts/umsa.fd
File: umsa.fd 2013/01/14 v3.01 AMS symbols A
)
LaTeX Font Info:    Trying to load font information for U+msb on input line 87.


(d:/texlive/2020/texmf-dist/tex/latex/amsfonts/umsb.fd
File: umsb.fd 2013/01/14 v3.01 AMS symbols B
)
LaTeX Font Info:    Font shape `OT1/cmtt/bx/n' in size <5> not available
(Font)              Font shape `OT1/cmtt/m/n' tried instead on input line 149.

Overfull \hbox (2.15666pt too wide) detected at line 237
[]
 []

[1

{d:/texlive/2020/texmf-var/fonts/map/pdftex/updmap/pdftex.map}]
Overfull \hbox (9.68994pt too wide) detected at line 381
[]
 []


Overfull \hbox (9.30986pt too wide) detected at line 392
[]
 []

[2]
<figure/unnamed-chunk-4-1.pdf, id=28, 505.89pt x 144.54pt>
File: figure/unnamed-chunk-4-1.pdf Graphic file (type pdf)
<use figure/unnamed-chunk-4-1.pdf>
Package pdftex.def Info: figure/unnamed-chunk-4-1.pdf  used on input line 564.
(pdftex.def)             Requested size: 287.92113pt x 82.26514pt.

Overfull \hbox (15.0pt too wide) in paragraph at lines 564--571
[][]
 []


Overfull \hbox (10.55121pt too wide) detected at line 587
[]
 []

[3 <./figure/unnamed-chunk-4-1.pdf>]

Package amsmath Warning: Foreign command \atopwithdelims;
(amsmath)                \frac or \genfrac should be used instead
(amsmath)                 on input line 602.

LaTeX Font Info:    Trying to load font information for OMS+cmtt on input line 
647.
(d:/Applications/R/R-4.2.0/share/texmf/tex/latex/omscmtt.fd
File: omscmtt.fd 
)
LaTeX Font Info:    Font shape `OMS/cmtt/m/n' in size <5> not available
(Font)              Font shape `OMS/cmsy/m/n' tried instead on input line 647.
 [4] [5]
<figure/MH_coda-1.pdf, id=48, 505.89pt x 578.16pt>
File: figure/MH_coda-1.pdf Graphic file (type pdf)
<use figure/MH_coda-1.pdf>
Package pdftex.def Info: figure/MH_coda-1.pdf  used on input line 779.
(pdftex.def)             Requested size: 287.92113pt x 329.0606pt.

Overfull \hbox (15.0pt too wide) in paragraph at lines 779--784
[][]
 []

[6 <./figure/MH_coda-1.pdf>]
Underfull \hbox (badness 5189) in paragraph at lines 933--934
\OT1/cmr/m/n/8 length con-trol based on
 []

LaTeX Font Info:    Font shape `OT1/cmtt/bx/n' in size <8> not available
(Font)              Font shape `OT1/cmtt/m/n' tried instead on input line 971.
<figure/rank_plot-1.pdf, id=60, 505.89pt x 180.675pt>
File: figure/rank_plot-1.pdf Graphic file (type pdf)
<use figure/rank_plot-1.pdf>
Package pdftex.def Info: figure/rank_plot-1.pdf  used on input line 975.
(pdftex.def)             Requested size: 287.92113pt x 102.83142pt.

Overfull \hbox (15.0pt too wide) in paragraph at lines 975--977
[][]
 []

<figure/gelman-1.pdf, id=61, 505.89pt x 289.08pt>
File: figure/gelman-1.pdf Graphic file (type pdf)
<use figure/gelman-1.pdf>
Package pdftex.def Info: figure/gelman-1.pdf  used on input line 1028.
(pdftex.def)             Requested size: 287.92113pt x 164.53029pt.
[7 <./figure/rank_plot-1.pdf> <./figure/gelman-1.pdf>]
<figure/geweke-1.pdf, id=78, 505.89pt x 216.81pt>
File: figure/geweke-1.pdf Graphic file (type pdf)
<use figure/geweke-1.pdf>
Package pdftex.def Info: figure/geweke-1.pdf  used on input line 1156.
(pdftex.def)             Requested size: 287.92113pt x 123.3977pt.

Overfull \hbox (15.0pt too wide) in paragraph at lines 1156--1160
[][]
 []


Overfull \hbox (9.28435pt too wide) detected at line 1197
[]
 []

[8 <./figure/geweke-1.pdf>]
Overfull \hbox (21.91052pt too wide) in paragraph at lines 1245--1246
[]\OT1/cmr/m/n/8 Posterior for the $\OML/cmm/m/it/8 i$\OT1/cmr/m/n/8 -th ran-do
m ef-fect: $[]$ 
 []

LaTeX Font Info:    Font shape `OT1/cmtt/bx/n' in size <12> not available
(Font)              Font shape `OT1/cmtt/m/n' tried instead on input line 1285.

<figure/forest-1.pdf, id=88, 505.89pt x 289.08pt>
File: figure/forest-1.pdf Graphic file (type pdf)
<use figure/forest-1.pdf>
Package pdftex.def Info: figure/forest-1.pdf  used on input line 1311.
(pdftex.def)             Requested size: 287.92113pt x 164.53029pt.

Overfull \hbox (15.0pt too wide) in paragraph at lines 1311--1314
[][]
 []

<figure/meta_plot-1.pdf, id=89, 505.89pt x 289.08pt>
File: figure/meta_plot-1.pdf Graphic file (type pdf)
<use figure/meta_plot-1.pdf>
Package pdftex.def Info: figure/meta_plot-1.pdf  used on input line 1322.
(pdftex.def)             Requested size: 287.92113pt x 164.53029pt.

Overfull \hbox (15.0pt too wide) in paragraph at lines 1322--1325
[][]
 []

[9 <./figure/forest-1.pdf> <./figure/meta_plot-1.pdf>] [10]
(./bayes_summary2.aux) ) 
Here is how much of TeX's memory you used:
 4303 strings out of 480608
 64982 string characters out of 5907536
 522898 words of memory out of 5000000
 20113 multiletter control sequences out of 15000+600000
 544866 words of font info for 72 fonts, out of 8000000 for 9000
 1141 hyphenation exceptions out of 8191
 36i,21n,37p,1099b,459s stack positions out of 5000i,500n,10000p,200000b,80000s
{d:/texlive/2020/texmf-dist/fonts/enc/dvips/cm-super/cm
-super-ts1.enc}<d:/texlive/2020/texmf-dist/fonts/type1/public/amsfonts/cmextra/
cmbsy8.pfb><d:/texlive/2020/texmf-dist/fonts/type1/public/amsfonts/cm/cmbx10.pf
b><d:/texlive/2020/texmf-dist/fonts/type1/public/amsfonts/cm/cmbx12.pfb><d:/tex
live/2020/texmf-dist/fonts/type1/public/amsfonts/cm/cmbx8.pfb><d:/texlive/2020/
texmf-dist/fonts/type1/public/amsfonts/cm/cmbxti10.pfb><d:/texlive/2020/texmf-d
ist/fonts/type1/public/amsfonts/cmextra/cmex7.pfb><d:/texlive/2020/texmf-dist/f
onts/type1/public/amsfonts/cmextra/cmex8.pfb><d:/texlive/2020/texmf-dist/fonts/
type1/public/amsfonts/cm/cmitt10.pfb><d:/texlive/2020/texmf-dist/fonts/type1/pu
blic/amsfonts/cm/cmmi10.pfb><d:/texlive/2020/texmf-dist/fonts/type1/public/amsf
onts/cm/cmmi12.pfb><d:/texlive/2020/texmf-dist/fonts/type1/public/amsfonts/cm/c
mmi5.pfb><d:/texlive/2020/texmf-dist/fonts/type1/public/amsfonts/cm/cmmi6.pfb><
d:/texlive/2020/texmf-dist/fonts/type1/public/amsfonts/cm/cmmi8.pfb><d:/texlive
/2020/texmf-dist/fonts/type1/public/amsfonts/cmextra/cmmib6.pfb><d:/texlive/202
0/texmf-dist/fonts/type1/public/amsfonts/cmextra/cmmib8.pfb><d:/texlive/2020/te
xmf-dist/fonts/type1/public/amsfonts/cm/cmr10.pfb><d:/texlive/2020/texmf-dist/f
onts/type1/public/amsfonts/cm/cmr5.pfb><d:/texlive/2020/texmf-dist/fonts/type1/
public/amsfonts/cm/cmr6.pfb><d:/texlive/2020/texmf-dist/fonts/type1/public/amsf
onts/cm/cmr8.pfb><d:/texlive/2020/texmf-dist/fonts/type1/public/amsfonts/cm/cms
y10.pfb><d:/texlive/2020/texmf-dist/fonts/type1/public/amsfonts/cm/cmsy5.pfb><d
:/texlive/2020/texmf-dist/fonts/type1/public/amsfonts/cm/cmsy6.pfb><d:/texlive/
2020/texmf-dist/fonts/type1/public/amsfonts/cm/cmsy8.pfb><d:/texlive/2020/texmf
-dist/fonts/type1/public/amsfonts/cm/cmti8.pfb><d:/texlive/2020/texmf-dist/font
s/type1/public/amsfonts/cm/cmtt12.pfb><d:/texlive/2020/texmf-dist/fonts/type1/p
ublic/amsfonts/cm/cmtt8.pfb><d:/texlive/2020/texmf-dist/fonts/type1/public/amsf
onts/latxfont/line10.pfb><d:/texlive/2020/texmf-dist/fonts/type1/public/amsfont
s/symbols/msam10.pfb><d:/texlive/2020/texmf-dist/fonts/type1/public/amsfonts/sy
mbols/msbm10.pfb><d:/texlive/2020/texmf-dist/fonts/type1/public/cm-super/sfrm08
00.pfb>
Output written on bayes_summary2.pdf (10 pages, 1262389 bytes).
PDF statistics:
 210 PDF objects out of 1000 (max. 8388607)
 152 compressed objects within 2 object streams
 0 named destinations out of 1000 (max. 500000)
 36 words of extra memory for PDF output out of 10000 (max. 10000000)

